<?xml version="1.0" encoding="UTF-8"?>
<!-- Generated by org.testng.reporters.JUnitReportReporter -->
<testsuite hostname="Brajans-MacBook-Pro.local" failures="0" tests="2" name="com.mac.springproject.ParentSpringprojectApplicationTests" time="22.023" errors="0" timestamp="2023-01-21T19:55:43 EST" skipped="1">
  <testcase classname="com.mac.springproject.ParentSpringprojectApplicationTests" name="loginPage" time="22.023"/>
  <system-out/>
  <testcase classname="com.mac.springproject.ParentSpringprojectApplicationTests" name="testSection">
    <skipped/>
  </testcase> <!-- testSection -->
  <system-out/>
</testsuite> <!-- com.mac.springproject.ParentSpringprojectApplicationTests -->
